[7:47:52 AM] [shard2]target: 0
[7:47:52 AM] [shard2]target: 1
[7:47:52 AM] [shard2]target: [construction site (tower) #5b3b17e4cf8ff9098540f5c0]
[7:47:52 AM] [shard2]target: [spawn Spawn1]
[7:47:52 AM] [shard2]target: [structure (extension) #5b38fc106ee50a3f1cb865db]
[7:47:52 AM] [shard2]target: [structure (extension) #5b3906e5df8a0b3f4cef382d]
[7:47:52 AM] [shard2]target: [structure (extension) #5b39198fa8f8e36bc70c147c]
[7:47:52 AM] [shard2]target: [structure (extension) #5b391aa3c074613aec91a3e9]
[7:47:52 AM] [shard2]target: [structure (extension) #5b392cf2aaed40735e6ce80f]
[7:47:52 AM] [shard2]target: [structure (extension) #5b395a40a5a83a339735e2c0]
[7:47:52 AM] [shard2]target: [structure (extension) #5b396211ad362a70ced9fa44]
[7:47:52 AM] [shard2]target: [structure (extension) #5b39723be7f98833be841cf1]
[7:47:52 AM] [shard2]target: 59f1a6d482100e1594f40afc
[7:47:52 AM] [shard2]target: [construction site (tower) #5b3b17e4cf8ff9098540f5c0]
[7:47:52 AM] [shard2]store: [spawn Spawn1]
[7:47:52 AM] [shard2]store: [structure (extension) #5b38f81b4c2dc677cc9d162a]
[7:47:52 AM] [shard2]store: [structure (extension) #5b38fc106ee50a3f1cb865db]
[7:47:52 AM] [shard2]store: [structure (extension) #5b3906e5df8a0b3f4cef382d]
[7:47:52 AM] [shard2]store: [structure (extension) #5b39198fa8f8e36bc70c147c]
[7:47:52 AM] [shard2]store: [structure (extension) #5b391aa3c074613aec91a3e9]
[7:47:52 AM] [shard2]store: [structure (extension) #5b392cf2aaed40735e6ce80f]
[7:47:52 AM] [shard2]store: [structure (extension) #5b395a40a5a83a339735e2c0]
[7:47:52 AM] [shard2]store: [structure (extension) #5b396211ad362a70ced9fa44]
[7:47:52 AM] [shard2]store: [structure (extension) #5b39723be7f98833be841cf1]
[7:47:52 AM] [shard2]assigned Jobs: 16 unassigned: 8
